<?xml version="1.0" encoding="UTF-8"?>
<!-- Generated by org.testng.reporters.JUnitReportReporter -->
<testsuite skipped="0" hostname="DESKTOP-3GNVT0U" name="com.qa.testcases.Serial_Items_testcases" tests="9" failures="0" timestamp="18 Mar 2021 10:44:41 GMT" time="3977.909" errors="0">
  <testcase name="Processing_with_bins" time="589.129" classname="com.qa.testcases.Serial_Items_testcases"/>
  <testcase name="Processing_without_bins" time="531.691" classname="com.qa.testcases.Serial_Items_testcases"/>
  <testcase name="Without_serial_nrs" time="63.613" classname="com.qa.testcases.Serial_Items_testcases"/>
  <testcase name="bin_Mismatch" time="55.907" classname="com.qa.testcases.Serial_Items_testcases"/>
  <testcase name="invalid_Data" time="681.324" classname="com.qa.testcases.Serial_Items_testcases"/>
  <testcase name="automatic_comma_and_quantity" time="67.955" classname="com.qa.testcases.Serial_Items_testcases"/>
  <testcase name="conolidate_through_item_scanning" time="491.639" classname="com.qa.testcases.Serial_Items_testcases"/>
  <testcase name="consolidate_inventory_count_screen" time="1200.038" classname="com.qa.testcases.Serial_Items_testcases"/>
  <testcase name="processed_report" time="296.613" classname="com.qa.testcases.Serial_Items_testcases"/>
</testsuite> <!-- com.qa.testcases.Serial_Items_testcases -->
