<?xml version="1.0" encoding="UTF-8"?>
<!-- Generated by org.testng.reporters.JUnitReportReporter -->
<testsuite skipped="0" hostname="DESKTOP-3GNVT0U" name="com.qa.testcases.Inventory_Items_Testing" tests="8" failures="0" timestamp="07 Apr 2021 20:36:31 GMT" time="2293.945" errors="0">
  <testcase name="assembly_inventory_consolidation_through_item_scanning" time="326.112" classname="com.qa.testcases.Inventory_Items_Testing"/>
  <testcase name="invalid_quantity_through_csv" time="137.481" classname="com.qa.testcases.Inventory_Items_Testing"/>
  <testcase name="consolidation_checkbox" time="228.406" classname="com.qa.testcases.Inventory_Items_Testing"/>
  <testcase name="invalidBin" time="84.444" classname="com.qa.testcases.Inventory_Items_Testing"/>
  <testcase name="processed_report" time="303.349" classname="com.qa.testcases.Inventory_Items_Testing"/>
  <testcase name="differentQuantites" time="597.032" classname="com.qa.testcases.Inventory_Items_Testing"/>
  <testcase name="assembly_inventory_consolidation_through_inventory_count" time="456.442" classname="com.qa.testcases.Inventory_Items_Testing"/>
  <testcase name="invalidQuantity" time="160.679" classname="com.qa.testcases.Inventory_Items_Testing"/>
</testsuite> <!-- com.qa.testcases.Inventory_Items_Testing -->
