<?xml version="1.0" encoding="UTF-8"?>
<!-- Generated by org.testng.reporters.JUnitReportReporter -->
<testsuite skipped="0" hostname="DESKTOP-3GNVT0U" name="com.qa.testcases.Lot_number_items_testcases" tests="7" failures="0" timestamp="19 Mar 2021 16:01:53 GMT" time="4915.863" errors="0">
  <testcase name="lot_number_processing" time="667.381" classname="com.qa.testcases.Lot_number_items_testcases"/>
  <testcase name="Without_lot_number" time="66.396" classname="com.qa.testcases.Lot_number_items_testcases"/>
  <testcase name="Invalid_data" time="851.220" classname="com.qa.testcases.Lot_number_items_testcases"/>
  <testcase name="bin_mismatch" time="55.287" classname="com.qa.testcases.Lot_number_items_testcases"/>
  <testcase name="consolidate_inventory_count_screen" time="2198.545" classname="com.qa.testcases.Lot_number_items_testcases"/>
  <testcase name="consolidate_through_item_scanning_screen_lot" time="744.705" classname="com.qa.testcases.Lot_number_items_testcases"/>
  <testcase name="processed_report" time="332.329" classname="com.qa.testcases.Lot_number_items_testcases"/>
</testsuite> <!-- com.qa.testcases.Lot_number_items_testcases -->
